<?xml version="1.0" encoding="UTF-8"?>
<!-- Generated by org.testng.reporters.JUnitReportReporter -->
<testsuite hostname="DESKTOP-B9T17EE" failures="0" tests="1" name="TestCases.ScenarioOne" time="8.752" errors="0" timestamp="2022-12-25T17:55:24 IST" skipped="0">
  <testcase classname="TestCases.ScenarioOne" name="test" time="8.752"/>
  <system-out/>
</testsuite> <!-- TestCases.ScenarioOne -->
