<?xml version="1.0" encoding="UTF-8"?>
<!-- Generated by org.testng.reporters.JUnitReportReporter -->
<testsuite hostname="DESKTOP-B9T17EE" failures="0" tests="1" name="TestCases.ScenarioTwo" time="26.393" errors="0" timestamp="2022-12-25T17:51:51 IST" skipped="0">
  <testcase classname="TestCases.ScenarioTwo" name="test" time="26.393"/>
  <system-out/>
</testsuite> <!-- TestCases.ScenarioTwo -->
