<?xml version="1.0" encoding="UTF-8"?>
<!-- Generated by org.testng.reporters.JUnitReportReporter -->
<testsuite hostname="DESKTOP-B9T17EE" failures="0" tests="1" name="TestCases.ScenarioThree" time="27.202" errors="0" timestamp="2022-12-25T17:53:32 IST" skipped="0">
  <testcase classname="TestCases.ScenarioThree" name="test" time="27.202"/>
  <system-out/>
</testsuite> <!-- TestCases.ScenarioThree -->
